2020-07-31 13:41:18.476 [] [] [localhost-startStop-1] WARN  c.y.i.licenseserver.utils.EnvUtils - Redis store type:[null] not found, use PBE instead.
2020-07-31 13:41:18.656 [] [] [localhost-startStop-1] INFO  c.y.i.l.u.WebServletContextListener - Redis storage type:PBE:PBE加解密
2020-07-31 13:41:19.337 [] [] [localhost-startStop-1] WARN  o.a.c.retry.ExponentialBackoffRetry - maxRetries too large (2147483647). Pinning to 29
2020-07-31 13:41:19.441 [] [] [localhost-startStop-1] INFO  o.a.c.f.imps.CuratorFrameworkImpl - Starting
2020-07-31 13:41:19.473 [] [] [localhost-startStop-1] INFO  c.y.i.l.service.NetworkCardService - regist network card info to zookeeper.
2020-07-31 13:41:19.512 [] [] [localhost-startStop-1-EventThread] INFO  o.a.c.f.state.ConnectionStateManager - State change: CONNECTED
2020-07-31 13:41:19.621 [] [] [localhost-startStop-1] INFO  c.y.i.licenseserver.utils.EnvUtils - Env NCHome:/LicenseServer/, NCHomePath:D:\LicenseServer
2020-07-31 13:41:19.630 [] [] [localhost-startStop-1] INFO  c.y.i.l.service.NetworkCardService - add networkcard wlan2/Intel(R) Wi-Fi 6 AX201 160MHz, virtual:false, loopback:false, up:true, pointToPoint:false, isNameVirtual:false
2020-07-31 13:41:19.800 [] [] [localhost-startStop-1] INFO  c.y.i.l.service.NetworkCardService - final regist networks:Intel(R) Wi-Fi 6 AX201 160MHz!E4-5E-37-39-D8-9D,
2020-07-31 13:41:20.083 [] [] [localhost-startStop-1] INFO  c.y.i.l.service.NetworkCardService - 创建网卡zk节点:/networkcard/E4-5E-37-39-D8-9D
2020-07-31 13:41:20.138 [] [] [localhost-startStop-1] INFO  c.y.i.l.service.ServerLicenseService - 监听/ServerLicense/ImportLicense节点
2020-07-31 13:41:20.141 [] [] [localhost-startStop-1] INFO  c.y.i.l.service.ServerLicenseService - 监听/ServerLicense/RemoveLicense节点
2020-07-31 13:41:20.339 [] [] [refreshLicenseToRedis] INFO  o.s.m.n.redis.pool.JedisPoolBuilder - Building JedisDirectPool, on redis server 127.0.0.1:6070
2020-07-31 13:41:20.395 [] [] [refreshLicenseToRedis] INFO  c.y.i.l.utils.PBEJedisImpl - host:127.0.0.1, port:6070, timeout:2000
2020-07-31 13:41:20.412 [] [] [refreshLicenseToRedis] INFO  c.y.i.l.service.ServerLicenseService - 本机不允许刷入license文件到Redis中.
2020-07-31 13:43:08.146 [] [] [http-nio-7080-exec-3] INFO  c.y.i.l.service.ServerLicenseService - 本机不允许刷入license文件到Redis中.
2020-07-31 14:20:18.552 [] [] [localhost-startStop-1] WARN  c.y.i.licenseserver.utils.EnvUtils - Redis store type:[null] not found, use PBE instead.
2020-07-31 14:20:18.825 [] [] [localhost-startStop-1] INFO  c.y.i.l.u.WebServletContextListener - Redis storage type:PBE:PBE加解密
2020-07-31 14:20:19.653 [] [] [localhost-startStop-1] WARN  o.a.c.retry.ExponentialBackoffRetry - maxRetries too large (2147483647). Pinning to 29
2020-07-31 14:20:19.780 [] [] [localhost-startStop-1] INFO  o.a.c.f.imps.CuratorFrameworkImpl - Starting
2020-07-31 14:20:19.819 [] [] [localhost-startStop-1] INFO  c.y.i.l.service.NetworkCardService - regist network card info to zookeeper.
2020-07-31 14:20:19.855 [] [] [localhost-startStop-1-EventThread] INFO  o.a.c.f.state.ConnectionStateManager - State change: CONNECTED
2020-07-31 14:20:20.095 [] [] [localhost-startStop-1] INFO  c.y.i.licenseserver.utils.EnvUtils - Env NCHome:/LicenseServer/, NCHomePath:D:\LicenseServer
2020-07-31 14:20:20.110 [] [] [localhost-startStop-1] INFO  c.y.i.l.service.NetworkCardService - add networkcard wlan2/Intel(R) Wi-Fi 6 AX201 160MHz, virtual:false, loopback:false, up:true, pointToPoint:false, isNameVirtual:false
2020-07-31 14:20:20.376 [] [] [localhost-startStop-1] INFO  c.y.i.l.service.NetworkCardService - final regist networks:Intel(R) Wi-Fi 6 AX201 160MHz!E4-5E-37-39-D8-9D,
2020-07-31 14:20:20.705 [] [] [localhost-startStop-1] INFO  c.y.i.l.service.ServerLicenseService - 监听/ServerLicense/ImportLicense节点
2020-07-31 14:20:20.707 [] [] [localhost-startStop-1] INFO  c.y.i.l.service.ServerLicenseService - 监听/ServerLicense/RemoveLicense节点
2020-07-31 14:20:20.916 [] [] [refreshLicenseToRedis] INFO  o.s.m.n.redis.pool.JedisPoolBuilder - Building JedisDirectPool, on redis server 127.0.0.1:6070
2020-07-31 14:20:21.138 [] [] [refreshLicenseToRedis] INFO  c.y.i.l.utils.PBEJedisImpl - host:127.0.0.1, port:6070, timeout:2000
2020-07-31 14:23:11.753 [] [] [http-nio-7080-exec-5] INFO  c.y.i.l.utils.SpringMVCUtils - 请求参数信息：{"identifier":"E4-5E-37-39-D8-9D","hostName":"LAPTOP-J5H9BTEK","productCode":"052001","errflag":"true","lastts":"1596176591743"}
2020-07-31 23:05:39.283 [] [] [localhost-startStop-1] WARN  c.y.i.licenseserver.utils.EnvUtils - Redis store type:[null] not found, use PBE instead.
2020-07-31 23:05:39.608 [] [] [localhost-startStop-1] INFO  c.y.i.l.u.WebServletContextListener - Redis storage type:PBE:PBE加解密
2020-07-31 23:05:40.611 [] [] [localhost-startStop-1] WARN  o.a.c.retry.ExponentialBackoffRetry - maxRetries too large (2147483647). Pinning to 29
2020-07-31 23:05:40.779 [] [] [localhost-startStop-1] INFO  o.a.c.f.imps.CuratorFrameworkImpl - Starting
2020-07-31 23:05:40.822 [] [] [localhost-startStop-1] INFO  c.y.i.l.service.NetworkCardService - regist network card info to zookeeper.
2020-07-31 23:05:40.852 [] [] [localhost-startStop-1-EventThread] INFO  o.a.c.f.state.ConnectionStateManager - State change: CONNECTED
2020-07-31 23:05:41.148 [] [] [localhost-startStop-1] INFO  c.y.i.licenseserver.utils.EnvUtils - Env NCHome:/LicenseServer/, NCHomePath:D:\LicenseServer
2020-07-31 23:05:41.167 [] [] [localhost-startStop-1] INFO  c.y.i.l.service.NetworkCardService - add networkcard wlan2/Intel(R) Wi-Fi 6 AX201 160MHz, virtual:false, loopback:false, up:true, pointToPoint:false, isNameVirtual:false
2020-07-31 23:05:41.492 [] [] [localhost-startStop-1] INFO  c.y.i.l.service.NetworkCardService - final regist networks:Intel(R) Wi-Fi 6 AX201 160MHz!E4-5E-37-39-D8-9D,
2020-07-31 23:05:41.884 [] [] [localhost-startStop-1] INFO  c.y.i.l.service.ServerLicenseService - 监听/ServerLicense/ImportLicense节点
2020-07-31 23:05:41.886 [] [] [localhost-startStop-1] INFO  c.y.i.l.service.ServerLicenseService - 监听/ServerLicense/RemoveLicense节点
2020-07-31 23:05:42.124 [] [] [refreshLicenseToRedis] INFO  o.s.m.n.redis.pool.JedisPoolBuilder - Building JedisDirectPool, on redis server 127.0.0.1:6070
2020-07-31 23:05:42.488 [] [] [refreshLicenseToRedis] INFO  c.y.i.l.utils.PBEJedisImpl - host:127.0.0.1, port:6070, timeout:2000
2020-07-31 23:05:54.147 [] [] [http-nio-7080-exec-2] INFO  c.y.i.l.utils.SpringMVCUtils - 请求参数信息：{"identifier":"E4-5E-37-39-D8-9D","hostName":"LAPTOP-J5H9BTEK","productCode":"052001","errflag":"true","lastts":"1596207954132"}
2020-07-31 23:17:40.519 [] [] [refreshLicenseToRedis] INFO  c.y.i.l.utils.PBEJedisImpl - host:127.0.0.1, port:6070, timeout:2000
2020-07-31 23:37:38.078 [] [] [refreshLicenseToRedis] INFO  c.y.i.l.utils.PBEJedisImpl - host:127.0.0.1, port:6070, timeout:2000
2020-07-31 23:52:42.361 [] [] [localhost-startStop-1-SendThread(127.0.0.1:2080)] WARN  org.apache.zookeeper.ClientCnxn - Session 0x100003f50930000 for server 127.0.0.1/127.0.0.1:2080, unexpected error, closing socket connection and attempting reconnect
java.io.IOException: 远程主机强迫关闭了一个现有的连接。
	at sun.nio.ch.SocketDispatcher.read0(Native Method) ~[na:1.8.0_151]
	at sun.nio.ch.SocketDispatcher.read(SocketDispatcher.java:43) ~[na:1.8.0_151]
	at sun.nio.ch.IOUtil.readIntoNativeBuffer(IOUtil.java:223) ~[na:1.8.0_151]
	at sun.nio.ch.IOUtil.read(IOUtil.java:192) ~[na:1.8.0_151]
	at sun.nio.ch.SocketChannelImpl.read(SocketChannelImpl.java:380) ~[na:1.8.0_151]
	at org.apache.zookeeper.ClientCnxnSocketNIO.doIO(ClientCnxnSocketNIO.java:68) ~[zookeeper-3.4.6.jar:3.4.6-1569965]
	at org.apache.zookeeper.ClientCnxnSocketNIO.doTransport(ClientCnxnSocketNIO.java:366) ~[zookeeper-3.4.6.jar:3.4.6-1569965]
	at org.apache.zookeeper.ClientCnxn$SendThread.run(ClientCnxn.java:1081) ~[zookeeper-3.4.6.jar:3.4.6-1569965]
2020-07-31 23:52:42.463 [] [] [localhost-startStop-1-EventThread] INFO  o.a.c.f.state.ConnectionStateManager - State change: SUSPENDED
2020-07-31 23:52:45.588 [] [] [localhost-startStop-1-SendThread(127.0.0.1:2080)] WARN  org.apache.zookeeper.ClientCnxn - Session 0x100003f50930000 for server null, unexpected error, closing socket connection and attempting reconnect
java.net.ConnectException: Connection refused: no further information
	at sun.nio.ch.SocketChannelImpl.checkConnect(Native Method) ~[na:1.8.0_151]
	at sun.nio.ch.SocketChannelImpl.finishConnect(SocketChannelImpl.java:717) ~[na:1.8.0_151]
	at org.apache.zookeeper.ClientCnxnSocketNIO.doTransport(ClientCnxnSocketNIO.java:361) ~[zookeeper-3.4.6.jar:3.4.6-1569965]
	at org.apache.zookeeper.ClientCnxn$SendThread.run(ClientCnxn.java:1081) ~[zookeeper-3.4.6.jar:3.4.6-1569965]
